2022-01-25 17:49:57,465 - root - INFO - main Iniciado
2022-01-25 17:49:57,647 - root - INFO - Contrato: 152608063
2022-01-25 17:49:58,163 - root - INFO - Updated Aprovado: 152608063
2022-01-25 17:49:58,164 - root - INFO - Contrato: 812748119
2022-01-25 17:49:58,576 - root - INFO - Not Updated Existente: 812748119
2022-01-25 17:49:58,576 - root - INFO - Contrato: 24762772
2022-01-25 17:49:59,015 - root - INFO - Updated Aprovado: 24762772
2022-01-25 17:49:59,016 - root - INFO - Contrato: 152765586
2022-01-25 17:49:59,373 - root - INFO - Updated Aprovado: 152765586
2022-01-25 17:49:59,373 - root - INFO - Contrato: 152803271
2022-01-25 17:49:59,729 - root - INFO - Updated Aprovado: 152803271
2022-01-25 17:49:59,729 - root - INFO - Contrato: 152781565
2022-01-25 17:50:00,432 - root - INFO - Updated Aprovado: 152781565
2022-01-25 17:50:00,432 - root - INFO - Contrato: 982064824
2022-01-25 17:50:00,851 - root - INFO - Not Updated Existente: 982064824
2022-01-25 17:50:00,851 - root - INFO - Contrato: 152838014
2022-01-25 17:50:01,291 - root - INFO - Updated Aprovado: 152838014
2022-01-25 17:50:01,292 - root - INFO - Contrato: 152838560
2022-01-25 17:50:01,735 - root - INFO - Updated Aprovado: 152838560
2022-01-25 17:50:01,735 - root - INFO - Contrato: 152842283
2022-01-25 17:50:02,114 - root - INFO - Updated Aprovado: 152842283
2022-01-25 17:50:02,114 - root - INFO - Contrato: 152838014
2022-01-25 17:50:02,614 - root - INFO - Not Updated Existente: 152838014
2022-01-25 17:50:02,614 - root - INFO - Contrato: 24762772
2022-01-25 17:50:02,942 - root - INFO - Not Updated Existente: 24762772
2022-01-25 17:50:02,942 - root - INFO - Contrato: 152816778
2022-01-25 17:50:03,444 - root - INFO - Updated Aprovado: 152816778
2022-01-25 17:50:03,445 - root - INFO - Contrato: 500319825
2022-01-25 17:50:03,794 - root - INFO - Not Updated Existente: 500319825
2022-01-25 17:50:03,794 - root - INFO - Contrato: 152808734
2022-01-25 17:50:04,061 - root - INFO - Updated Aprovado: 152808734
2022-01-25 17:50:04,061 - root - INFO - Contrato: 152905344
2022-01-25 17:50:04,396 - root - INFO - Updated Aprovado: 152905344
2022-01-25 17:50:04,396 - root - INFO - Contrato: 500326550
2022-01-25 17:50:04,682 - root - INFO - Not Updated Existente: 500326550
2022-01-25 17:50:04,682 - root - INFO - Contrato: 152951866
2022-01-25 17:50:05,102 - root - INFO - Not Updated Existente: 152951866
2022-01-25 17:50:05,102 - root - INFO - Contrato: 0
2022-01-25 17:50:05,385 - root - INFO - Not Updated Existente: 0
2022-01-25 17:50:05,386 - root - INFO - Contrato: 152936473
2022-01-25 17:50:05,720 - root - INFO - Not Updated Existente: 152936473
2022-01-25 17:50:05,721 - root - INFO - Contrato: 152958059
2022-01-25 17:50:05,994 - root - INFO - Not Updated Existente: 152958059
2022-01-25 17:50:05,994 - root - INFO - Contrato: 152920359
2022-01-25 17:50:06,367 - root - INFO - Not Updated Existente: 152920359
2022-01-25 17:50:06,368 - root - INFO - Contrato: 152971823
2022-01-25 17:50:06,673 - root - INFO - Not Updated Existente: 152971823
2022-01-25 17:50:06,673 - root - INFO - Contrato: 152976937
2022-01-25 17:50:07,059 - root - INFO - Not Updated Existente: 152976937
2022-01-25 17:50:07,060 - root - INFO - Contrato: 152970106
2022-01-25 17:50:07,450 - root - INFO - Not Updated Existente: 152970106
2022-01-25 17:50:07,450 - root - INFO - Contrato: 152969406
2022-01-25 17:50:07,955 - root - INFO - Not Updated Existente: 152969406
2022-01-25 17:50:07,955 - root - INFO - Contrato: 152969753
2022-01-25 17:50:08,217 - root - INFO - Not Updated Existente: 152969753
2022-01-25 17:50:08,218 - root - INFO - Contrato: 152981313
2022-01-25 17:50:08,671 - root - INFO - Not Updated Existente: 152981313
2022-01-25 17:50:08,671 - root - INFO - Contrato: 152973026
2022-01-25 17:50:09,031 - root - INFO - Not Updated Existente: 152973026
2022-01-25 17:50:09,031 - root - INFO - Contrato: 24878030
2022-01-25 17:50:09,363 - root - INFO - Not Updated Existente: 24878030
2022-01-25 17:50:09,363 - root - INFO - Contrato: 152967817
2022-01-25 17:50:09,696 - root - INFO - Not Updated Existente: 152967817
2022-01-25 17:50:09,697 - root - INFO - Contrato: 24877890
2022-01-25 17:50:10,008 - root - INFO - Not Updated Existente: 24877890
2022-01-25 17:50:10,008 - root - INFO - Contrato: 152968036
2022-01-25 17:50:10,404 - root - INFO - Not Updated Existente: 152968036
2022-01-25 17:50:10,404 - root - INFO - Contrato: 152972832
2022-01-25 17:50:10,812 - root - INFO - Not Updated Existente: 152972832
2022-01-25 17:50:10,812 - root - INFO - Contrato: 152968108
2022-01-25 17:50:11,193 - root - INFO - Not Updated Existente: 152968108
2022-01-25 17:50:11,194 - root - INFO - Contrato: 152986132
2022-01-25 17:50:11,511 - root - INFO - Not Updated Existente: 152986132
2022-01-25 17:50:11,511 - root - INFO - Finalizado - Cantidad Contratos: 36 - Cantidad Updates: 11
